Analysis & Elaboration report for projeto2CPU
Thu Nov 26 07:32:43 2020
Quartus Prime Version 18.1.0 Build 625 09/12/2018 SJ Lite Edition


---------------------
; Table of Contents ;
---------------------
  1. Legal Notice
  2. Analysis & Elaboration Summary
  3. Parallel Compilation
  4. Analysis & Elaboration Settings
  5. Port Connectivity Checks: "ULA:ULAF"
  6. Port Connectivity Checks: "StateMachine:STAT"
  7. Analysis & Elaboration Messages



----------------
; Legal Notice ;
----------------
Copyright (C) 2018  Intel Corporation. All rights reserved.
Your use of Intel Corporation's design tools, logic functions 
and other software and tools, and its AMPP partner logic 
functions, and any output files from any of the foregoing 
(including device programming or simulation files), and any 
associated documentation or information are expressly subject 
to the terms and conditions of the Intel Program License 
Subscription Agreement, the Intel Quartus Prime License Agreement,
the Intel FPGA IP License Agreement, or other applicable license
agreement, including, without limitation, that your use is for
the sole purpose of programming logic devices manufactured by
Intel and sold by Intel or its authorized distributors.  Please
refer to the applicable agreement for further details.



+-----------------------------------------------------------------------------+
; Analysis & Elaboration Summary                                              ;
+-------------------------------+---------------------------------------------+
; Analysis & Elaboration Status ; Successful - Thu Nov 26 07:32:43 2020       ;
; Quartus Prime Version         ; 18.1.0 Build 625 09/12/2018 SJ Lite Edition ;
; Revision Name                 ; projeto2CPU                                 ;
; Top-level Entity Name         ; CPU                                         ;
; Family                        ; Cyclone V                                   ;
; Logic utilization (in ALMs)   ; N/A until Partition Merge                   ;
; Total registers               ; N/A until Partition Merge                   ;
; Total pins                    ; N/A until Partition Merge                   ;
; Total virtual pins            ; N/A until Partition Merge                   ;
; Total block memory bits       ; N/A until Partition Merge                   ;
; Total PLLs                    ; N/A until Partition Merge                   ;
; Total DLLs                    ; N/A until Partition Merge                   ;
+-------------------------------+---------------------------------------------+


+------------------------------------------+
; Parallel Compilation                     ;
+----------------------------+-------------+
; Processors                 ; Number      ;
+----------------------------+-------------+
; Number detected on machine ; 4           ;
; Maximum allowed            ; 4           ;
;                            ;             ;
; Average used               ; 1.00        ;
; Maximum used               ; 1           ;
;                            ;             ;
; Usage by Processor         ; % Time Used ;
;     Processor 1            ; 100.0%      ;
+----------------------------+-------------+


+---------------------------------------------------------------------------------------------------------------------------+
; Analysis & Elaboration Settings                                                                                           ;
+---------------------------------------------------------------------------------+--------------------+--------------------+
; Option                                                                          ; Setting            ; Default Value      ;
+---------------------------------------------------------------------------------+--------------------+--------------------+
; Device                                                                          ; 5CSEMA5F31C6       ;                    ;
; Top-level entity name                                                           ; CPU                ; projeto2CPU        ;
; Family name                                                                     ; Cyclone V          ; Cyclone V          ;
; Use smart compilation                                                           ; Off                ; Off                ;
; Enable parallel Assembler and Timing Analyzer during compilation                ; On                 ; On                 ;
; Enable compact report table                                                     ; Off                ; Off                ;
; Restructure Multiplexers                                                        ; Auto               ; Auto               ;
; MLAB Add Timing Constraints For Mixed-Port Feed-Through Mode Setting Don't Care ; Off                ; Off                ;
; Create Debugging Nodes for IP Cores                                             ; Off                ; Off                ;
; Preserve fewer node names                                                       ; On                 ; On                 ;
; Intel FPGA IP Evaluation Mode                                                   ; Enable             ; Enable             ;
; Verilog Version                                                                 ; Verilog_2001       ; Verilog_2001       ;
; VHDL Version                                                                    ; VHDL_1993          ; VHDL_1993          ;
; State Machine Processing                                                        ; Auto               ; Auto               ;
; Safe State Machine                                                              ; Off                ; Off                ;
; Extract Verilog State Machines                                                  ; On                 ; On                 ;
; Extract VHDL State Machines                                                     ; On                 ; On                 ;
; Ignore Verilog initial constructs                                               ; Off                ; Off                ;
; Iteration limit for constant Verilog loops                                      ; 5000               ; 5000               ;
; Iteration limit for non-constant Verilog loops                                  ; 250                ; 250                ;
; Add Pass-Through Logic to Inferred RAMs                                         ; On                 ; On                 ;
; Infer RAMs from Raw Logic                                                       ; On                 ; On                 ;
; Parallel Synthesis                                                              ; On                 ; On                 ;
; DSP Block Balancing                                                             ; Auto               ; Auto               ;
; NOT Gate Push-Back                                                              ; On                 ; On                 ;
; Power-Up Don't Care                                                             ; On                 ; On                 ;
; Remove Redundant Logic Cells                                                    ; Off                ; Off                ;
; Remove Duplicate Registers                                                      ; On                 ; On                 ;
; Ignore CARRY Buffers                                                            ; Off                ; Off                ;
; Ignore CASCADE Buffers                                                          ; Off                ; Off                ;
; Ignore GLOBAL Buffers                                                           ; Off                ; Off                ;
; Ignore ROW GLOBAL Buffers                                                       ; Off                ; Off                ;
; Ignore LCELL Buffers                                                            ; Off                ; Off                ;
; Ignore SOFT Buffers                                                             ; On                 ; On                 ;
; Limit AHDL Integers to 32 Bits                                                  ; Off                ; Off                ;
; Optimization Technique                                                          ; Balanced           ; Balanced           ;
; Carry Chain Length                                                              ; 70                 ; 70                 ;
; Auto Carry Chains                                                               ; On                 ; On                 ;
; Auto Open-Drain Pins                                                            ; On                 ; On                 ;
; Perform WYSIWYG Primitive Resynthesis                                           ; Off                ; Off                ;
; Auto ROM Replacement                                                            ; On                 ; On                 ;
; Auto RAM Replacement                                                            ; On                 ; On                 ;
; Auto DSP Block Replacement                                                      ; On                 ; On                 ;
; Auto Shift Register Replacement                                                 ; Auto               ; Auto               ;
; Allow Shift Register Merging across Hierarchies                                 ; Auto               ; Auto               ;
; Auto Clock Enable Replacement                                                   ; On                 ; On                 ;
; Strict RAM Replacement                                                          ; Off                ; Off                ;
; Allow Synchronous Control Signals                                               ; On                 ; On                 ;
; Force Use of Synchronous Clear Signals                                          ; Off                ; Off                ;
; Auto Resource Sharing                                                           ; Off                ; Off                ;
; Allow Any RAM Size For Recognition                                              ; Off                ; Off                ;
; Allow Any ROM Size For Recognition                                              ; Off                ; Off                ;
; Allow Any Shift Register Size For Recognition                                   ; Off                ; Off                ;
; Use LogicLock Constraints during Resource Balancing                             ; On                 ; On                 ;
; Ignore translate_off and synthesis_off directives                               ; Off                ; Off                ;
; Timing-Driven Synthesis                                                         ; On                 ; On                 ;
; Report Parameter Settings                                                       ; On                 ; On                 ;
; Report Source Assignments                                                       ; On                 ; On                 ;
; Report Connectivity Checks                                                      ; On                 ; On                 ;
; Ignore Maximum Fan-Out Assignments                                              ; Off                ; Off                ;
; Synchronization Register Chain Length                                           ; 3                  ; 3                  ;
; Power Optimization During Synthesis                                             ; Normal compilation ; Normal compilation ;
; HDL message level                                                               ; Level2             ; Level2             ;
; Suppress Register Optimization Related Messages                                 ; Off                ; Off                ;
; Number of Removed Registers Reported in Synthesis Report                        ; 5000               ; 5000               ;
; Number of Swept Nodes Reported in Synthesis Report                              ; 5000               ; 5000               ;
; Number of Inverted Registers Reported in Synthesis Report                       ; 100                ; 100                ;
; Clock MUX Protection                                                            ; On                 ; On                 ;
; Auto Gated Clock Conversion                                                     ; Off                ; Off                ;
; Block Design Naming                                                             ; Auto               ; Auto               ;
; SDC constraint protection                                                       ; Off                ; Off                ;
; Synthesis Effort                                                                ; Auto               ; Auto               ;
; Shift Register Replacement - Allow Asynchronous Clear Signal                    ; On                 ; On                 ;
; Pre-Mapping Resynthesis Optimization                                            ; Off                ; Off                ;
; Analysis & Synthesis Message Level                                              ; Medium             ; Medium             ;
; Disable Register Merging Across Hierarchies                                     ; Auto               ; Auto               ;
; Resource Aware Inference For Block RAM                                          ; On                 ; On                 ;
; Automatic Parallel Synthesis                                                    ; On                 ; On                 ;
; Partial Reconfiguration Bitstream ID                                            ; Off                ; Off                ;
+---------------------------------------------------------------------------------+--------------------+--------------------+


+----------------------------------------+
; Port Connectivity Checks: "ULA:ULAF"   ;
+------+-------+----------+--------------+
; Port ; Type  ; Severity ; Details      ;
+------+-------+----------+--------------+
; pc   ; Input ; Info     ; Stuck at GND ;
+------+-------+----------+--------------+


+-------------------------------------------------------------------------------------------------------------------+
; Port Connectivity Checks: "StateMachine:STAT"                                                                     ;
+---------+--------+----------+-------------------------------------------------------------------------------------+
; Port    ; Type   ; Severity ; Details                                                                             ;
+---------+--------+----------+-------------------------------------------------------------------------------------+
; regdst1 ; Output ; Info     ; Connected to dangling logic. Logic that only feeds a dangling port will be removed. ;
+---------+--------+----------+-------------------------------------------------------------------------------------+


+---------------------------------+
; Analysis & Elaboration Messages ;
+---------------------------------+
Info: *******************************************************************
Info: Running Quartus Prime Analysis & Elaboration
    Info: Version 18.1.0 Build 625 09/12/2018 SJ Lite Edition
    Info: Processing started: Thu Nov 26 07:32:29 2020
Info: Command: quartus_map --read_settings_files=on --write_settings_files=off projeto2CPU -c projeto2CPU --analysis_and_elaboration
Warning (18236): Number of processors has not been specified which may cause overloading on shared machines.  Set the global assignment NUM_PARALLEL_PROCESSORS in your QSF to an appropriate value for best performance.
Info (20030): Parallel compilation is enabled and will use 4 of the 4 processors detected
Info (12021): Found 2 design units, including 1 entities, in source file irext.vhd
    Info (12022): Found design unit 1: IRext-options File: D:/Arquitetura/Quartus/Projeto2/IRext.vhd Line: 13
    Info (12023): Found entity 1: IRext File: D:/Arquitetura/Quartus/Projeto2/IRext.vhd Line: 4
Info (12021): Found 2 design units, including 1 entities, in source file ir.vhd
    Info (12022): Found design unit 1: IR-options File: D:/Arquitetura/Quartus/Projeto2/IR.vhd Line: 13
    Info (12023): Found entity 1: IR File: D:/Arquitetura/Quartus/Projeto2/IR.vhd Line: 4
Info (12021): Found 2 design units, including 1 entities, in source file memoria64x4.vhd
    Info (12022): Found design unit 1: memoria64x4-MEMORY File: D:/Arquitetura/Quartus/Projeto2/memoria64x4.vhd Line: 12
    Info (12023): Found entity 1: memoria64x4 File: D:/Arquitetura/Quartus/Projeto2/memoria64x4.vhd Line: 4
Info (12021): Found 2 design units, including 1 entities, in source file regs.vhd
    Info (12022): Found design unit 1: REGS-opcao File: D:/Arquitetura/Quartus/Projeto2/REGS.vhd Line: 13
    Info (12023): Found entity 1: REGS File: D:/Arquitetura/Quartus/Projeto2/REGS.vhd Line: 4
Info (12021): Found 2 design units, including 1 entities, in source file regsint.vhd
    Info (12022): Found design unit 1: REGSint-options File: D:/Arquitetura/Quartus/Projeto2/REGSint.vhd Line: 14
    Info (12023): Found entity 1: REGSint File: D:/Arquitetura/Quartus/Projeto2/REGSint.vhd Line: 4
Info (12021): Found 2 design units, including 1 entities, in source file signextend.vhd
    Info (12022): Found design unit 1: SignExtend-options File: D:/Arquitetura/Quartus/Projeto2/SignExtend.vhd Line: 9
    Info (12023): Found entity 1: SignExtend File: D:/Arquitetura/Quartus/Projeto2/SignExtend.vhd Line: 4
Info (12021): Found 2 design units, including 1 entities, in source file ulaext.vhd
    Info (12022): Found design unit 1: ULAExt-options File: D:/Arquitetura/Quartus/Projeto2/ULAExt.vhd Line: 13
    Info (12023): Found entity 1: ULAExt File: D:/Arquitetura/Quartus/Projeto2/ULAExt.vhd Line: 5
Info (12021): Found 2 design units, including 1 entities, in source file ula.vhd
    Info (12022): Found design unit 1: ULA-options File: D:/Arquitetura/Quartus/Projeto2/ULA.vhd Line: 12
    Info (12023): Found entity 1: ULA File: D:/Arquitetura/Quartus/Projeto2/ULA.vhd Line: 5
Info (12021): Found 2 design units, including 1 entities, in source file statemachine.vhd
    Info (12022): Found design unit 1: StateMachine-options File: D:/Arquitetura/Quartus/Projeto2/StateMachine.vhd Line: 13
    Info (12023): Found entity 1: StateMachine File: D:/Arquitetura/Quartus/Projeto2/StateMachine.vhd Line: 4
Info (12021): Found 2 design units, including 1 entities, in source file cpu.vhd
    Info (12022): Found design unit 1: CPU-behavior File: D:/Arquitetura/Quartus/Projeto2/CPU.vhd Line: 21
    Info (12023): Found entity 1: CPU File: D:/Arquitetura/Quartus/Projeto2/CPU.vhd Line: 4
Info (12021): Found 2 design units, including 1 entities, in source file pcatt.vhd
    Info (12022): Found design unit 1: PCATT-options File: D:/Arquitetura/Quartus/Projeto2/PCATT.vhd Line: 10
    Info (12023): Found entity 1: PCATT File: D:/Arquitetura/Quartus/Projeto2/PCATT.vhd Line: 4
Info (12021): Found 2 design units, including 1 entities, in source file memoria64x4int.vhd
    Info (12022): Found design unit 1: memoria64x4int-MEMORY File: D:/Arquitetura/Quartus/Projeto2/memoria64x4int.vhd Line: 12
    Info (12023): Found entity 1: memoria64x4int File: D:/Arquitetura/Quartus/Projeto2/memoria64x4int.vhd Line: 4
Info (12127): Elaborating entity "CPU" for the top level hierarchy
Warning (10036): Verilog HDL or VHDL warning at CPU.vhd(127): object "REGDST" assigned a value but never read File: D:/Arquitetura/Quartus/Projeto2/CPU.vhd Line: 127
Warning (10030): Net "PC" at CPU.vhd(8) has no driver or initial value, using a default initial value '0' File: D:/Arquitetura/Quartus/Projeto2/CPU.vhd Line: 8
Info (12128): Elaborating entity "StateMachine" for hierarchy "StateMachine:STAT" File: D:/Arquitetura/Quartus/Projeto2/CPU.vhd Line: 142
Warning (10631): VHDL Process Statement warning at StateMachine.vhd(111): inferring latch(es) for signal or variable "PCWrite1", which holds its previous value in one or more paths through the process File: D:/Arquitetura/Quartus/Projeto2/StateMachine.vhd Line: 111
Warning (10631): VHDL Process Statement warning at StateMachine.vhd(111): inferring latch(es) for signal or variable "IRWrite1", which holds its previous value in one or more paths through the process File: D:/Arquitetura/Quartus/Projeto2/StateMachine.vhd Line: 111
Warning (10631): VHDL Process Statement warning at StateMachine.vhd(111): inferring latch(es) for signal or variable "RegDst1", which holds its previous value in one or more paths through the process File: D:/Arquitetura/Quartus/Projeto2/StateMachine.vhd Line: 111
Warning (10631): VHDL Process Statement warning at StateMachine.vhd(111): inferring latch(es) for signal or variable "MovtoReg1", which holds its previous value in one or more paths through the process File: D:/Arquitetura/Quartus/Projeto2/StateMachine.vhd Line: 111
Warning (10631): VHDL Process Statement warning at StateMachine.vhd(111): inferring latch(es) for signal or variable "ALUSrcA1", which holds its previous value in one or more paths through the process File: D:/Arquitetura/Quartus/Projeto2/StateMachine.vhd Line: 111
Warning (10631): VHDL Process Statement warning at StateMachine.vhd(111): inferring latch(es) for signal or variable "ALUSrcB1", which holds its previous value in one or more paths through the process File: D:/Arquitetura/Quartus/Projeto2/StateMachine.vhd Line: 111
Warning (10631): VHDL Process Statement warning at StateMachine.vhd(111): inferring latch(es) for signal or variable "ALUOp1", which holds its previous value in one or more paths through the process File: D:/Arquitetura/Quartus/Projeto2/StateMachine.vhd Line: 111
Warning (10631): VHDL Process Statement warning at StateMachine.vhd(111): inferring latch(es) for signal or variable "REGWrite1", which holds its previous value in one or more paths through the process File: D:/Arquitetura/Quartus/Projeto2/StateMachine.vhd Line: 111
Info (10041): Inferred latch for "REGWrite1" at StateMachine.vhd(111) File: D:/Arquitetura/Quartus/Projeto2/StateMachine.vhd Line: 111
Info (10041): Inferred latch for "ALUOp1[0]" at StateMachine.vhd(111) File: D:/Arquitetura/Quartus/Projeto2/StateMachine.vhd Line: 111
Info (10041): Inferred latch for "ALUOp1[1]" at StateMachine.vhd(111) File: D:/Arquitetura/Quartus/Projeto2/StateMachine.vhd Line: 111
Info (10041): Inferred latch for "ALUSrcB1[0]" at StateMachine.vhd(111) File: D:/Arquitetura/Quartus/Projeto2/StateMachine.vhd Line: 111
Info (10041): Inferred latch for "ALUSrcB1[1]" at StateMachine.vhd(111) File: D:/Arquitetura/Quartus/Projeto2/StateMachine.vhd Line: 111
Info (10041): Inferred latch for "ALUSrcA1" at StateMachine.vhd(111) File: D:/Arquitetura/Quartus/Projeto2/StateMachine.vhd Line: 111
Info (10041): Inferred latch for "MovtoReg1[0]" at StateMachine.vhd(111) File: D:/Arquitetura/Quartus/Projeto2/StateMachine.vhd Line: 111
Info (10041): Inferred latch for "MovtoReg1[1]" at StateMachine.vhd(111) File: D:/Arquitetura/Quartus/Projeto2/StateMachine.vhd Line: 111
Info (10041): Inferred latch for "RegDst1" at StateMachine.vhd(111) File: D:/Arquitetura/Quartus/Projeto2/StateMachine.vhd Line: 111
Info (10041): Inferred latch for "IRWrite1" at StateMachine.vhd(111) File: D:/Arquitetura/Quartus/Projeto2/StateMachine.vhd Line: 111
Info (10041): Inferred latch for "PCWrite1" at StateMachine.vhd(111) File: D:/Arquitetura/Quartus/Projeto2/StateMachine.vhd Line: 111
Info (12128): Elaborating entity "memoria64x4int" for hierarchy "memoria64x4int:MMR" File: D:/Arquitetura/Quartus/Projeto2/CPU.vhd Line: 146
Info (12128): Elaborating entity "IR" for hierarchy "IR:IRS" File: D:/Arquitetura/Quartus/Projeto2/CPU.vhd Line: 150
Info (12128): Elaborating entity "SignExtend" for hierarchy "SignExtend:SIGN" File: D:/Arquitetura/Quartus/Projeto2/CPU.vhd Line: 153
Info (12128): Elaborating entity "REGSint" for hierarchy "REGSint:BREG" File: D:/Arquitetura/Quartus/Projeto2/CPU.vhd Line: 157
Info (12128): Elaborating entity "ULA" for hierarchy "ULA:ULAF" File: D:/Arquitetura/Quartus/Projeto2/CPU.vhd Line: 161
Info: Quartus Prime Analysis & Elaboration was successful. 0 errors, 11 warnings
    Info: Peak virtual memory: 4838 megabytes
    Info: Processing ended: Thu Nov 26 07:32:43 2020
    Info: Elapsed time: 00:00:14
    Info: Total CPU time (on all processors): 00:00:29


